  DP_03_uva_10684_The_jackpot.cpp
d:\algorithm\algorithm\commonheader.h(6): warning C4067: unexpected tokens following preprocessor directive - expected a newline
  Generating Code...
  Compiling...
  graph_01_basic.cpp
d:\algorithm\algorithm\commonheader.h(6): warning C4067: unexpected tokens following preprocessor directive - expected a newline
  flood_fill_14_uva_871_Counting_Cells_in_a_Blob.cpp
d:\algorithm\algorithm\commonheader.h(6): warning C4067: unexpected tokens following preprocessor directive - expected a newline
d:\algorithm\algorithm\src\graph\flood_fill\flood_fill_14_uva_871_counting_cells_in_a_blob.cpp(4): warning C4067: unexpected tokens following preprocessor directive - expected a newline
  flood_fill_13_uva_852_Deciding_victory_in_Go.cpp
d:\algorithm\algorithm\commonheader.h(6): warning C4067: unexpected tokens following preprocessor directive - expected a newline
  flood_fill_12_uva_785_Grid_Colouring.cpp
d:\algorithm\algorithm\commonheader.h(6): warning C4067: unexpected tokens following preprocessor directive - expected a newline
  flood_fill_11_uva_784_Maze_Exploration.cpp
d:\algorithm\algorithm\commonheader.h(6): warning C4067: unexpected tokens following preprocessor directive - expected a newline
  flood_fill_10_uva_782_Contour_Painting.cpp
d:\algorithm\algorithm\commonheader.h(6): warning C4067: unexpected tokens following preprocessor directive - expected a newline
  flood_fill_09_uva_776_Monkeys_in_a_Regular_Forest.cpp
d:\algorithm\algorithm\commonheader.h(6): warning C4067: unexpected tokens following preprocessor directive - expected a newline
  flood_fill_08_uva_758_The_Same_Game.cpp
d:\algorithm\algorithm\commonheader.h(6): warning C4067: unexpected tokens following preprocessor directive - expected a newline
  flood_fill_07_uva_722_Lakes.cpp
d:\algorithm\algorithm\commonheader.h(6): warning C4067: unexpected tokens following preprocessor directive - expected a newline
  flood_fill_06_uva_657_The_die_is_cast.cpp
d:\algorithm\algorithm\commonheader.h(6): warning C4067: unexpected tokens following preprocessor directive - expected a newline
  flood_fill_05_uva_572_ Oil_Deposits.cpp
d:\algorithm\algorithm\commonheader.h(6): warning C4067: unexpected tokens following preprocessor directive - expected a newline
d:\algorithm\algorithm\src\graph\flood_fill\flood_fill_05_uva_572_ oil_deposits.cpp(4): warning C4067: unexpected tokens following preprocessor directive - expected a newline
  flood_fill_04_uva_469_Wetlands_of_Florida.cpp
d:\algorithm\algorithm\commonheader.h(6): warning C4067: unexpected tokens following preprocessor directive - expected a newline
  flood_fill_03_uva_459_Graph_Connectivity.cpp
d:\algorithm\algorithm\commonheader.h(6): warning C4067: unexpected tokens following preprocessor directive - expected a newline
  flood_fill_02_uva_352_The_Seasonal_War.cpp
d:\algorithm\algorithm\commonheader.h(6): warning C4067: unexpected tokens following preprocessor directive - expected a newline
  flood_fill_01_uva_260_Gioco_dell.cpp
d:\algorithm\algorithm\commonheader.h(6): warning C4067: unexpected tokens following preprocessor directive - expected a newline
  DP_02_uva_10755_Garbage_Heap.cpp
d:\algorithm\algorithm\commonheader.h(6): warning C4067: unexpected tokens following preprocessor directive - expected a newline
  DP_01_uva_507_Jill_Rides_Again.cpp
d:\algorithm\algorithm\commonheader.h(6): warning C4067: unexpected tokens following preprocessor directive - expected a newline
  codejam_07_R_1B_2016_A.cpp
d:\algorithm\algorithm\commonheader.h(6): warning C4067: unexpected tokens following preprocessor directive - expected a newline
  codejam_06_R_1A_2016_B.cpp
d:\algorithm\algorithm\commonheader.h(6): warning C4067: unexpected tokens following preprocessor directive - expected a newline
  codejam_05_R_1A_2016_A.cpp
d:\algorithm\algorithm\commonheader.h(6): warning C4067: unexpected tokens following preprocessor directive - expected a newline
  Generating Code...
  Compiling...
  codejam_04_1A_2010_Rotate.cpp
d:\algorithm\algorithm\commonheader.h(6): warning C4067: unexpected tokens following preprocessor directive - expected a newline
  codejam_03_Coin_Jam.cpp
d:\algorithm\algorithm\commonheader.h(6): warning C4067: unexpected tokens following preprocessor directive - expected a newline
  codejam_02_Revenge_of_the_Pancakes.cpp
d:\algorithm\algorithm\commonheader.h(6): warning C4067: unexpected tokens following preprocessor directive - expected a newline
  codejam_01_Counting_sheep.cpp
d:\algorithm\algorithm\commonheader.h(6): warning C4067: unexpected tokens following preprocessor directive - expected a newline
  codeforce_03_C_OCR.cpp
d:\algorithm\algorithm\commonheader.h(6): warning C4067: unexpected tokens following preprocessor directive - expected a newline
  codeforce_02_B_Weird_Cryptography.cpp
d:\algorithm\algorithm\commonheader.h(6): warning C4067: unexpected tokens following preprocessor directive - expected a newline
  codeforce_01_A_Time.cpp
d:\algorithm\algorithm\commonheader.h(6): warning C4067: unexpected tokens following preprocessor directive - expected a newline
  codechef_03_apr_Chef_And_Magical_Path.cpp
d:\algorithm\algorithm\commonheader.h(6): warning C4067: unexpected tokens following preprocessor directive - expected a newline
  codechef_02_apr_Chef_and_Ballons.cpp
d:\algorithm\algorithm\commonheader.h(6): warning C4067: unexpected tokens following preprocessor directive - expected a newline
  codechef_01_apr_Chef_And_Coloring.cpp
d:\algorithm\algorithm\commonheader.h(6): warning C4067: unexpected tokens following preprocessor directive - expected a newline
  ad_hoc_09_uva_10281_Average_Speed.cpp
d:\algorithm\algorithm\commonheader.h(6): warning C4067: unexpected tokens following preprocessor directive - expected a newline
  ad_hoc_08_uva_10141_Request_for_Proposal.cpp
d:\algorithm\algorithm\commonheader.h(6): warning C4067: unexpected tokens following preprocessor directive - expected a newline
  ad_hoc_07_uva_10082_WERTYU.cpp
d:\algorithm\algorithm\commonheader.h(6): warning C4067: unexpected tokens following preprocessor directive - expected a newline
  ad_hoc_06_uva_837_Light_and_Transparencies.cpp
d:\algorithm\algorithm\commonheader.h(6): warning C4067: unexpected tokens following preprocessor directive - expected a newline
  ad_hoc_05_uva_661_Blowing_Fuses.cpp
d:\algorithm\algorithm\commonheader.h(6): warning C4067: unexpected tokens following preprocessor directive - expected a newline
  ad_hoc_04_uva_573_The_Snail.cpp
d:\algorithm\algorithm\commonheader.h(6): warning C4067: unexpected tokens following preprocessor directive - expected a newline
  ad_hoc_03_uva_483_Word_Scramble.cpp
d:\algorithm\algorithm\commonheader.h(6): warning C4067: unexpected tokens following preprocessor directive - expected a newline
  ad_hoc_02_uva_272_TeX_Quotes.cpp
d:\algorithm\algorithm\commonheader.h(6): warning C4067: unexpected tokens following preprocessor directive - expected a newline
  ad_hoc_01_uva_100_The_3n_Problem.cpp
d:\algorithm\algorithm\commonheader.h(6): warning C4067: unexpected tokens following preprocessor directive - expected a newline
  Generating Code...
  Algorithm.vcxproj -> D:\algorithm\Algorithm\Debug\Algorithm.exe
