d:\algorithm\algorithm\algorithm\debug\vc120.pdb
d:\algorithm\algorithm\algorithm\debug\vc120.idb
d:\algorithm\algorithm\algorithm\debug\ad_hoc_01_uva_100_the_3n_problem.obj
d:\algorithm\algorithm\algorithm\debug\ad_hoc_02_uva_272_tex_quotes.obj
d:\algorithm\algorithm\algorithm\debug\vc140.pdb
d:\algorithm\algorithm\algorithm\debug\ad_hoc_03_uva_483_word_scramble.obj
d:\algorithm\algorithm\algorithm\debug\ad_hoc_04_uva_the_snail.obj
d:\algorithm\algorithm\algorithm\debug\ad_hoc_04_uva_573_the_snail.obj
d:\algorithm\algorithm\algorithm\debug\ad_hoc_05_uva_661_blowing_fuses.obj
d:\algorithm\algorithm\algorithm\debug\ad_hoc_06_uva_837_light_and_transparencies.obj
d:\algorithm\algorithm\algorithm\debug\ad_hoc_07_uva_10082_wertyu.obj
d:\algorithm\algorithm\algorithm\debug\ad_hoc_08_uva_10141_request_for_proposal.obj
d:\algorithm\algorithm\algorithm\debug\ad_hoc_09_uva_10281_average_speed.obj
d:\algorithm\algorithm\algorithm\debug\graph_01_basic.obj
d:\algorithm\algorithm\algorithm\debug\flood_fill_01_uva_260_gioco_dell.obj
d:\algorithm\algorithm\algorithm\debug\flood_fill_02_uva_352_the_seasonal_war.obj
d:\algorithm\algorithm\algorithm\debug\flood_fill_03_uva_459_graph_connectivity.obj
d:\algorithm\algorithm\algorithm\debug\flood_fill_05_uva_572_ oil_deposits.obj
d:\algorithm\algorithm\algorithm\debug\flood_fill_04_uva_469_wetlands_of_florida.obj
d:\algorithm\algorithm\algorithm\debug\flood_fill_06_uva_657_the_die_is_cast.obj
d:\algorithm\algorithm\algorithm\debug\flood_fill_07_uva_722_lakes.obj
d:\algorithm\algorithm\algorithm\debug\flood_fill_08_uva_758_the_same_game.obj
d:\algorithm\algorithm\algorithm\debug\codeforce_01_a_time.obj
d:\algorithm\algorithm\algorithm\debug\codeforce_02_b_weird_cryptography.obj
d:\algorithm\algorithm\algorithm\debug\codeforce_03_c_ocr.obj
d:\algorithm\algorithm\algorithm\debug\flood_fill_09_uva_776_monkeys_in_a_regular_forest.obj
d:\algorithm\algorithm\algorithm\debug\flood_fill_10_uva_782_contour_painting.obj
d:\algorithm\algorithm\algorithm\debug\codechef_01_apr_chef_and_coloring.obj
d:\algorithm\algorithm\algorithm\debug\codechef_02_apr_chef_and_ballons.obj
d:\algorithm\algorithm\algorithm\debug\codechef_03_apr_chef_and_magical_path.obj
d:\algorithm\algorithm\algorithm\debug\flood_fill_11_uva_784_maze_exploration.obj
d:\algorithm\algorithm\algorithm\debug\flood_fill_12_uva_785_grid_colouring.obj
d:\algorithm\algorithm\algorithm\debug\flood_fill_13_uva_852_deciding_victory_in_go.obj
d:\algorithm\algorithm\algorithm\debug\flood_fill_14_uva_counting_cells_in_a_blob.obj
d:\algorithm\algorithm\algorithm\debug\codejam_01_counting_sheep.obj
d:\algorithm\algorithm\algorithm\debug\flood_fill_14_uva_871_counting_cells_in_a_blob.obj
d:\algorithm\algorithm\algorithm\debug\codejam_02_revenge_of_the_pancakes.obj
d:\algorithm\algorithm\algorithm\debug\codejam_03_coin_jam.obj
d:\algorithm\algorithm\algorithm\debug\codejam_04_1a_2010_rotate.obj
d:\algorithm\algorithm\algorithm\debug\codejam_05_r_1a_2016_a.obj
d:\algorithm\algorithm\algorithm\debug\codejam_06_r_1a_2016_b.obj
d:\algorithm\algorithm\algorithm\debug\codejam_07_r_1b_2016_a.obj
d:\algorithm\algorithm\algorithm\debug\vc140.idb
d:\algorithm\algorithm\algorithm\debug\dp_01_uva_507_jill_rides_again.obj
d:\algorithm\algorithm\algorithm\debug\dp_02_uva_10755_garbage_heap.obj
d:\algorithm\algorithm\algorithm\debug\dp_03_uva_10684_the_jackpot.obj
d:\algorithm\algorithm\algorithm\debug\dp_04_uva_108_maximum_sum.obj
d:\algorithm\algorithm\algorithm\debug\dp_05_localized_summing_for_blurring.obj
d:\algorithm\algorithm\algorithm\debug\dp_06_uva_836_largest_submatrix.obj
d:\algorithm\algorithm\algorithm\debug\dp_07_uva_10074_take_the_land.obj
d:\algorithm\algorithm\algorithm\debug\dp_08_uva_10667_larges_ block.obj
d:\algorithm\algorithm\algorithm\debug\dp_09_uva_10827_maximum_sum_on_a_torus.obj
d:\algorithm\algorithm\algorithm\debug\dp_10_uva_11951_area.obj
d:\algorithm\algorithm\algorithm\debug\dp_11_uva_111_history_grading.obj
d:\algorithm\algorithm\algorithm\debug\dp_12_uva_231_testing_the_catcher.obj
d:\algorithm\algorithm\debug\algorithm.ilk
d:\algorithm\algorithm\debug\algorithm.exe
d:\algorithm\algorithm\debug\algorithm.pdb
d:\algorithm\algorithm\algorithm\debug\algorithm.res
d:\algorithm\algorithm\algorithm\debug\dp_09_uva_10827_maximum_sum_on_a_torus.obj.enc
d:\algorithm\algorithm\algorithm\debug\dp_10_uva_11951_area.obj.enc
d:\algorithm\algorithm\algorithm\debug\algorithm.tlog\cl.command.1.tlog
d:\algorithm\algorithm\algorithm\debug\algorithm.tlog\cl.read.1.tlog
d:\algorithm\algorithm\algorithm\debug\algorithm.tlog\cl.write.1.tlog
d:\algorithm\algorithm\algorithm\debug\algorithm.tlog\link.command.1.tlog
d:\algorithm\algorithm\algorithm\debug\algorithm.tlog\link.read.1.tlog
d:\algorithm\algorithm\algorithm\debug\algorithm.tlog\link.write.1.tlog
d:\algorithm\algorithm\algorithm\debug\algorithm.tlog\rc.command.1.tlog
d:\algorithm\algorithm\algorithm\debug\algorithm.tlog\rc.read.1.tlog
d:\algorithm\algorithm\algorithm\debug\algorithm.tlog\rc.write.1.tlog
